<?xml version="1.0" encoding="UTF-8"?>
<!-- Generated by org.testng.reporters.JUnitXMLReporter -->
<testsuite ignored="0" hostname="FPE-LAP-254" failures="1" tests="1" name="AdmissionFormTests" time="2.212" errors="0" timestamp="2024-09-05T12:18:04 IST">
  <testcase classname="admission_onlineFormTestScripts.AdmissionFormExcel_TestScripts" name="test1" time="0.733">
    <failure type="org.testng.internal.reflect.MethodMatcherException" message="
[public void admission_onlineFormTestScripts.AdmissionFormExcel_TestScripts.test1(java.lang.String,java.lang.String,java.lang.String) throws java.lang.InterruptedException,java.io.IOException] has no parameters defined but was found to be using a data provider (either explicitly specified or inherited from class level annotation).
Data provider mismatch
Method: test1([Parameter{index=0, type=java.lang.String, declaredAnnotations=[]}, Parameter{index=1, type=java.lang.String, declaredAnnotations=[]}, Parameter{index=2, type=java.lang.String, declaredAnnotations=[]}])
Arguments: [(java.lang.String) Shurbhi,(java.lang.String) Aggarwal,(java.lang.String) Capsicum,null,null,null]">
      <![CDATA[org.testng.internal.reflect.MethodMatcherException: 
[public void admission_onlineFormTestScripts.AdmissionFormExcel_TestScripts.test1(java.lang.String,java.lang.String,java.lang.String) throws java.lang.InterruptedException,java.io.IOException] has no parameters defined but was found to be using a data provider (either explicitly specified or inherited from class level annotation).
Data provider mismatch
Method: test1([Parameter{index=0, type=java.lang.String, declaredAnnotations=[]}, Parameter{index=1, type=java.lang.String, declaredAnnotations=[]}, Parameter{index=2, type=java.lang.String, declaredAnnotations=[]}])
Arguments: [(java.lang.String) Shurbhi,(java.lang.String) Aggarwal,(java.lang.String) Capsicum,null,null,null]
at java.base/java.util.ArrayList.forEach(ArrayList.java:1596)
at java.base/java.util.concurrent.FutureTask.run(FutureTask.java:317)
at java.base/java.util.concurrent.ThreadPoolExecutor.runWorker(ThreadPoolExecutor.java:1144)
at java.base/java.util.concurrent.ThreadPoolExecutor$Worker.run(ThreadPoolExecutor.java:642)
at java.base/java.lang.Thread.run(Thread.java:1583)
... Removed 13 stack frames]]>
    </failure>
  </testcase> <!-- test1 -->
</testsuite> <!-- AdmissionFormTests -->
